24-10-15-19:24:31  Class-Module     clsTestAid.....:  Modified Common Component: Release registered pending       
24-10-15-19:24:31                                     Serviced Common Component modified (code differs from public and LastModAt > LastmodAt public): Registered pending release
24-10-15-19:24:31                                     Serviced Common Component modified: Properties pending set equal serviced                                                 
24-10-15-19:24:32                                     Serviced Common Component properties housekeeping:                                                                        
24-10-15-19:24:32                                     Serviced Common Component's Export-File meets public: Properties set equal public                                         
24-10-15-19:24:32 ============================================================================================================================================================
24-10-15-19:24:32 ------------------------------------------------- Export Changed Components (by CompMan.xlsb) for Log.xlsb -------------------------------------------------
24-10-15-19:24:32 ------------------------------------------------------------------------------------------------------------------------------------------------------------
24-10-15-19:24:32                                   Modified Common Component: Release registered pending                                                                     
24-10-15-19:24:32                                   Serviced Common Component modified: E x p o r t e d !                                                                     
24-10-15-19:24:32                                   Serviced Common Component modified: Re-registered pending release                                                         
24-10-15-19:24:33  Class-Module     clsLog          Modified Common Component: Release registered pending                                                                     
24-10-15-19:24:33                                   Serviced Common Component modified: E x p o r t e d !                                                                     
24-10-15-19:24:33                                   Serviced Common Component modified: Properties in CommComps.dat updated                                                   
24-10-15-19:24:33                                   Serviced Common Component modified: Registered pending release                                                            
24-10-15-19:24:33  Standard-Module  mLogTest        Modified VBComponent e x p o r t e d !                                                                                    
24-10-15-19:24:33 ExportChangedComponents (by CompMan.xlsb) for Log.xlsb: 3 of 11 exported (clsTestAid, clsLog, mLogTest)     See the VBE CompMan menu for 2 Common Components pending release!  (see Services.log for log details)
24-11-08-20:31:37 ================================================================================================
24-11-08-20:31:37  Standard-Module  mTrc...........:  Modified Common Component: Release registered pending       
24-11-08-20:31:38                                     Serviced Common Component modified (code differs from public and LastModAt > LastmodAt public): Registered pending release
24-11-08-20:31:38                                     Serviced Common Component modified: Properties pending set equal serviced                                                 
24-11-08-20:31:39                                     Serviced Common Component properties housekeeping:                                                                        
24-11-08-20:31:39                                     Serviced Common Component's Export-File meets public: Properties set equal public                                         
24-11-08-20:31:39 ============================================================================================================================================================
24-11-08-20:31:39 ---------------------------------------------------- Export Changed Components (by Add-in) for Log.xlsb ----------------------------------------------------
24-11-08-20:31:39 ------------------------------------------------------------------------------------------------------------------------------------------------------------
24-11-08-20:31:39  Class-Module     clsLog          Modified Common Component: Release registered pending                                                                     
24-11-08-20:31:39                                   Serviced Common Component modified: E x p o r t e d !                                                                     
24-11-08-20:31:39                                   Serviced Common Component modified: Properties in CommComps.dat updated                                                   
24-11-08-20:31:39                                   Serviced Common Component modified: Registered pending release                                                            
24-11-08-20:31:40  Standard-Module  mTrc            Modified Common Component: Release registered pending                                                                     
24-11-08-20:31:40                                   Serviced Common Component modified: E x p o r t e d !                                                                     
24-11-08-20:31:40                                   Serviced Common Component modified: Re-registered pending release                                                         
24-11-08-20:31:40 ExportChangedComponents (by CompMan.xlam) for Log.xlsb: 2 of 11 exported (clsLog, mTrc)     See the VBE CompMan menu for 2 Common Components pending release!  (see Services.log for log details)
24-11-09-20:23:26 ==============================================================================================
24-11-09-20:23:26 ------------------ Export Changed Components (by CompMan.xlsb) for Log.xlsb ------------------
24-11-09-20:23:26 ----------------------------------------------------------------------------------------------
24-11-09-20:23:26  Standard-Module  mTrc            Modified Common Component: Release registered pending       
24-11-09-20:23:26                                   Serviced Common Component modified: E x p o r t e d !       
24-11-09-20:23:26                                   Serviced Common Component modified: Re-registered pending release
24-11-09-20:23:27  Class-Module     clsLog          Modified Common Component: Release registered pending       
24-11-09-20:23:27                                   Serviced Common Component modified: E x p o r t e d !       
24-11-09-20:23:27                                   Serviced Common Component modified: Re-registered pending release
24-11-09-20:23:27 ExportChangedComponents (by CompMan.xlsb) for Log.xlsb: 2 of 11 exported (mTrc, clsLog)     See the VBE CompMan menu for 4 Common Components pending release!  (see Services.log for log details)
24-11-09-20:33:53 ================================================================================================
24-11-09-20:33:53  Class-Module     clsTestAid.....:  Serviced Common Component properties housekeeping:          
24-11-09-20:33:53                                     Serviced Common Component's Export-File meets public: Properties set equal public
24-11-09-20:33:54 ===================================================================================================================
24-11-09-20:33:54 ---------------------------- Export Changed Components (by CompMan.xlsb) for Log.xlsb -----------------------------
24-11-09-20:33:54 -------------------------------------------------------------------------------------------------------------------
24-11-09-20:33:54  Class-Module     clsLog          Modified Common Component: Release registered pending                            
24-11-09-20:33:54                                   Serviced Common Component modified: E x p o r t e d !                            
24-11-09-20:33:54                                   Serviced Common Component modified: Properties in CommComps.dat updated          
24-11-09-20:33:54                                   Serviced Common Component modified: Registered pending release                   
24-11-09-21:03:58 ===============================================================================================
24-11-09-21:03:58 -------------- Update Outdated Common Components (by CompMan.xlsb) for Log.xlsb ---------------
24-11-09-21:03:58 -----------------------------------------------------------------------------------------------
24-11-09-21:03:58  Standard-Module  mTrc            Serviced Common Component used is up-to-date                 
24-11-09-21:03:58  UserForm         fMsg            Serviced Common Component used is up-to-date                 
24-11-09-21:03:58  Standard-Module  mErH            Serviced Common Component used is up-to-date                 
24-11-09-21:03:58  Standard-Module  mMsg            Serviced Common Component used is up-to-date                 
24-11-09-21:03:58  Standard-Module  mCompManClient  Serviced Common Component used is up-to-date                 
24-11-09-21:03:58  Class-Module     clsLog          Serviced Common Component used is up-to-date                 
24-11-09-21:03:58  Class-Module     clsTestAid      Serviced Common Component used is up-to-date                 
24-11-09-21:15:42 ===============================================================================================
24-11-09-21:15:42 ------------ Update Outdated Common Components (by CompMan.xlsb) for CompMan.xlsb -------------
24-11-09-21:15:42 -----------------------------------------------------------------------------------------------
24-11-09-21:15:42  Standard-Module  mTrc            Serviced Common Component used is up-to-date                 
24-11-09-21:15:42  UserForm         fMsg            Serviced Common Component used is up-to-date                 
24-11-09-21:15:42  Standard-Module  mErH            Serviced Common Component used is up-to-date                 
24-11-09-21:15:43  Standard-Module  mMsg            Serviced Common Component used is up-to-date                 
24-11-09-21:15:43  Standard-Module  mCompManClient  Serviced Common Component used is up-to-date                 
24-11-09-21:15:43  Class-Module     clsLog          Serviced Common Component used is up-to-date                 
24-11-09-21:15:43  Class-Module     clsTestAid      Serviced Common Component used is up-to-date                 
24-11-09-21:52:37 ===============================================================================================
24-11-09-21:52:37 ------------------ Export Changed Components (by CompMan.xlsb) for Log.xlsb -------------------
24-11-09-21:52:37 -----------------------------------------------------------------------------------------------
24-11-09-21:52:37  Class-Module     clsLog          Modified Common Component: Release registered pending        
24-11-09-21:52:37                                   Serviced Common Component modified: E x p o r t e d !        
24-11-09-21:52:37                                   Serviced Common Component modified: Properties in CommComps. 
24-11-09-21:52:37                                   Serviced Common Component modified: Registered pending relea 
24-11-09-21:52:38 ExportChangedComponents (by CompMan.xlsb) for Log.xlsb: 2 of 11 exported (clsLog, clsTestAid)     See the VBE CompMan menu for 1 Common Component is pending release!  (see E:\Sync\Excel VBA\DevAndTest\Log\CompMan\Services.log for log details)
